<?xml version="1.0" encoding="UTF-8"?>
<!-- Generated by org.testng.reporters.JUnitReportReporter -->
<testsuite hostname="LAPTOP-IQ9B34OU" failures="0" tests="3" name="com.HRA.GenericUtilities.ReadMultipleDataUsingDataProvider" time="0.008" errors="0" timestamp="2022-11-08T13:28:21 IST" skipped="0">
  <testcase classname="com.HRA.GenericUtilities.ReadMultipleDataUsingDataProvider" name="excelData" time="0.004"/>
  <system-out/>
  <testcase classname="com.HRA.GenericUtilities.ReadMultipleDataUsingDataProvider" name="excelData" time="0.002"/>
  <system-out/>
  <testcase classname="com.HRA.GenericUtilities.ReadMultipleDataUsingDataProvider" name="excelData" time="0.002"/>
  <system-out/>
</testsuite> <!-- com.HRA.GenericUtilities.ReadMultipleDataUsingDataProvider -->
