<?xml version="1.0" encoding="UTF-8"?>
<!-- Generated by org.testng.reporters.JUnitReportReporter -->
<testsuite hostname="LAPTOP-IQ9B34OU" failures="0" tests="3" name="com.HRA.GenericUtilities.readingDataFromDataProvider" time="0.009" errors="0" timestamp="2022-11-08T15:53:22 IST" skipped="0">
  <testcase classname="com.HRA.GenericUtilities.readingDataFromDataProvider" name="name" time="0.002"/>
  <system-out/>
  <testcase classname="com.HRA.GenericUtilities.readingDataFromDataProvider" name="name" time="0.002"/>
  <system-out/>
  <testcase classname="com.HRA.GenericUtilities.readingDataFromDataProvider" name="name" time="0.005"/>
  <system-out/>
</testsuite> <!-- com.HRA.GenericUtilities.readingDataFromDataProvider -->
