<?xml version="1.0" encoding="UTF-8"?>
<!-- Generated by org.testng.reporters.JUnitReportReporter -->
<testsuite hostname="LAPTOP-IQ9B34OU" failures="0" tests="4" name="practice_program.Sample1" time="0.019" errors="0" timestamp="2022-11-10T16:14:09 IST" skipped="0">
  <testcase classname="practice_program.Sample1" name="test1" time="0.001"/>
  <system-out/>
  <testcase classname="practice_program.Sample1" name="sample1" time="0.001"/>
  <system-out/>
  <testcase classname="practice_program.Sample1" name="sample" time="0.013"/>
  <system-out/>
  <testcase classname="practice_program.Sample1" name="test2" time="0.004"/>
  <system-out/>
</testsuite> <!-- practice_program.Sample1 -->
