<?xml version="1.0" encoding="UTF-8"?>
<!-- Generated by org.testng.reporters.JUnitReportReporter -->
<testsuite hostname="LAPTOP-IQ9B34OU" failures="0" tests="5" name="practice_program.samplePro2" time="0.015" errors="0" timestamp="2022-11-09T11:33:40 IST" skipped="0">
  <testcase classname="practice_program.samplePro2" name="method" time="0.002"/>
  <system-out/>
  <testcase classname="practice_program.samplePro2" name="method" time="0.004"/>
  <system-out/>
  <testcase classname="practice_program.samplePro2" name="method" time="0.001"/>
  <system-out/>
  <testcase classname="practice_program.samplePro2" name="method" time="0.003"/>
  <system-out/>
  <testcase classname="practice_program.samplePro2" name="method" time="0.005"/>
  <system-out/>
</testsuite> <!-- practice_program.samplePro2 -->
