<?xml version="1.0" encoding="UTF-8"?>
<!-- Generated by org.testng.reporters.JUnitReportReporter -->
<testsuite hostname="LAPTOP-IQ9B34OU" failures="0" tests="1" name="TestNGScripts.UserLogin" time="1.023" errors="0" timestamp="2022-11-10T17:33:48 IST" skipped="0">
  <testcase classname="TestNGScripts.UserLogin" name="LoginAsNewUser" time="1.023"/>
  <system-out/>
</testsuite> <!-- TestNGScripts.UserLogin -->
