<?xml version="1.0" encoding="UTF-8"?>
<!-- Generated by org.testng.reporters.JUnitReportReporter -->
<testsuite hostname="LAPTOP-IQ9B34OU" failures="0" tests="1" name="practice_program.Sample3" time="0.008" errors="0" timestamp="2022-11-10T15:34:52 IST" skipped="0">
  <testcase classname="practice_program.Sample3" name="test6" time="0.008"/>
  <system-out/>
</testsuite> <!-- practice_program.Sample3 -->
