<?xml version="1.0" encoding="UTF-8"?>
<!-- Generated by org.testng.reporters.JUnitReportReporter -->
<testsuite hostname="LAPTOP-IQ9B34OU" failures="0" tests="2" name="practice_program.OrderOfExecution" time="0.010" errors="0" timestamp="2022-11-08T17:48:07 IST" skipped="0">
  <testcase classname="practice_program.OrderOfExecution" name="createUser" time="0.003"/>
  <system-out/>
  <testcase classname="practice_program.OrderOfExecution" name="createAdmin" time="0.007"/>
  <system-out/>
</testsuite> <!-- practice_program.OrderOfExecution -->
