<?xml version="1.0" encoding="UTF-8"?>
<!-- Generated by org.testng.reporters.JUnitReportReporter -->
<testsuite hostname="LAPTOP-IQ9B34OU" failures="0" tests="2" name="practice_program.assertation" time="0.021" errors="0" timestamp="2022-11-11T12:25:20 IST" skipped="0">
  <testcase classname="practice_program.assertation" name="update" time="0.001"/>
  <system-out/>
  <testcase classname="practice_program.assertation" name="create" time="0.020"/>
  <system-out/>
</testsuite> <!-- practice_program.assertation -->
