<?xml version="1.0" encoding="UTF-8"?>
<!-- Generated by org.testng.reporters.JUnitReportReporter -->
<testsuite hostname="LAPTOP-IQ9B34OU" failures="0" tests="1" name="TestNGScripts.UserApartment" time="0.005" errors="0" timestamp="2022-11-10T17:47:41 IST" skipped="0">
  <testcase classname="TestNGScripts.UserApartment" name="apartment" time="0.005"/>
  <system-out/>
</testsuite> <!-- TestNGScripts.UserApartment -->
