<?xml version="1.0" encoding="UTF-8"?>
<!-- Generated by org.testng.reporters.JUnitReportReporter -->
<testsuite hostname="LAPTOP-IQ9B34OU" failures="0" tests="2" name="practice_program.Sample2" time="0.005" errors="0" timestamp="2022-11-10T15:34:52 IST" skipped="0">
  <testcase classname="practice_program.Sample2" name="test4" time="0.002"/>
  <system-out/>
  <testcase classname="practice_program.Sample2" name="test3" time="0.003"/>
  <system-out/>
</testsuite> <!-- practice_program.Sample2 -->
