<?xml version="1.0" encoding="UTF-8"?>
<!-- Generated by org.testng.reporters.JUnitReportReporter -->
<testsuite hostname="LAPTOP-IQ9B34OU" failures="0" tests="2" name="practice_program.dataProvider" time="0.010" errors="0" timestamp="2022-11-08T12:41:37 IST" skipped="0">
  <testcase classname="practice_program.dataProvider" name="Travell" time="0.001"/>
  <system-out/>
  <testcase classname="practice_program.dataProvider" name="Travell" time="0.009"/>
  <system-out/>
</testsuite> <!-- practice_program.dataProvider -->
