<?xml version="1.0" encoding="UTF-8"?>
<!-- Generated by org.testng.reporters.JUnitReportReporter -->
<testsuite hostname="LAPTOP-IQ9B34OU" failures="0" tests="3" name="practice_program.CreateCustomerTest" time="0.008" errors="0" timestamp="2022-11-08T10:24:33 IST" skipped="1">
  <testcase classname="practice_program.CreateCustomerTest" name="deleteCustomer" time="0.007"/>
  <system-out/>
  <testcase classname="practice_program.CreateCustomerTest" name="createCustomer" time="0.001"/>
  <system-out/>
  <testcase classname="practice_program.CreateCustomerTest" name="updateCustomer">
    <skipped/>
  </testcase> <!-- updateCustomer -->
  <system-out/>
</testsuite> <!-- practice_program.CreateCustomerTest -->
