<?xml version="1.0" encoding="UTF-8"?>
<!-- Generated by org.testng.reporters.JUnitReportReporter -->
<testsuite hostname="LAPTOP-IQ9B34OU" failures="0" tests="2" name="practice_program.sampleProgram" time="0.010" errors="0" timestamp="2022-11-09T10:55:25 IST" skipped="0">
  <testcase classname="practice_program.sampleProgram" name="logot" time="0.007"/>
  <system-out/>
  <testcase classname="practice_program.sampleProgram" name="user" time="0.003"/>
  <system-out/>
</testsuite> <!-- practice_program.sampleProgram -->
